[Error  - 12:53:32.893] Getting token failed: Error: Unknown or unsupported transport “disabled” for address “disabled:”
[Error  - 12:54:02.898] Getting token failed: Error: Unknown or unsupported transport “disabled” for address “disabled:”
[Error  - 12:54:32.903] Getting token failed: Error: Unknown or unsupported transport “disabled” for address “disabled:”
[Error  - 12:55:02.907] Getting token failed: Error: Unknown or unsupported transport “disabled” for address “disabled:”
[Error  - 12:55:32.913] Getting token failed: Error: Unknown or unsupported transport “disabled” for address “disabled:”
[Error  - 12:56:02.919] Getting token failed: Error: Unknown or unsupported transport “disabled” for address “disabled:”
[Error  - 12:56:32.923] Getting token failed: Error: Unknown or unsupported transport “disabled” for address “disabled:”
[Error  - 12:57:02.927] Getting token failed: Error: Unknown or unsupported transport “disabled” for address “disabled:”
[Error  - 12:57:32.931] Getting token failed: Error: Unknown or unsupported transport “disabled” for address “disabled:”
[Error  - 12:58:02.935] Getting token failed: Error: Unknown or unsupported transport “disabled” for address “disabled:”
[Error  - 12:58:32.937] Getting token failed: Error: Unknown or unsupported transport “disabled” for address “disabled:”
[Info  - 12:59:02.638] Logging in...
[Error  - 12:59:02.938] Getting token failed: Error: Unknown or unsupported transport “disabled” for address “disabled:”
[Info  - 12:59:08.970] Treating input as token
[Info  - 12:59:08.971] Getting user info...
[Error  - 12:59:09.361] Getting account info failed: Unauthorized
[Error  - 12:59:09.361] Unauthorized
[Error  - 12:59:09.362] Error: network error
[Error  - 12:59:32.942] Getting token failed: Error: Unknown or unsupported transport “disabled” for address “disabled:”
[Error  - 13:00:02.944] Getting token failed: Error: Unknown or unsupported transport “disabled” for address “disabled:”
[Error  - 13:00:32.946] Getting token failed: Error: Unknown or unsupported transport “disabled” for address “disabled:”
[Error  - 13:01:02.950] Getting token failed: Error: Unknown or unsupported transport “disabled” for address “disabled:”
[Error  - 13:01:32.952] Getting token failed: Error: Unknown or unsupported transport “disabled” for address “disabled:”
[Error  - 13:02:02.954] Getting token failed: Error: Unknown or unsupported transport “disabled” for address “disabled:”
[Info  - 13:02:04.446] Logging in...
[Info  - 13:02:11.81] Treating input as token
[Info  - 13:02:11.81] Getting user info...
[Error  - 13:02:11.469] Getting account info failed: Unauthorized
[Error  - 13:02:11.469] Unauthorized
[Error  - 13:02:11.469] Error: network error
[Error  - 13:02:32.957] Getting token failed: Error: Unknown or unsupported transport “disabled” for address “disabled:”
[Info  - 13:02:57.588] Logging in...
[Error  - 13:03:02.961] Getting token failed: Error: Unknown or unsupported transport “disabled” for address “disabled:”
[Info  - 13:03:17.700] Treating input as token
[Info  - 13:03:17.700] Getting user info...
[Error  - 13:03:18.885] Getting account info failed: Unauthorized
[Error  - 13:03:18.885] Unauthorized
[Error  - 13:03:18.885] Error: network error
[Error  - 13:03:32.963] Getting token failed: Error: Unknown or unsupported transport “disabled” for address “disabled:”
[Error  - 13:04:02.965] Getting token failed: Error: Unknown or unsupported transport “disabled” for address “disabled:”
